Build started 16-Apr-19 11:24:46 AM.
     1>Project "C:\Users\Student\Desktop\Final 1\iGraphics Project\iGraphics Project.vcxproj" on node 2 (build target(s)).
     1>InitializeBuildStatus:
         Creating "Debug\iGraphics Project.unsuccessfulbuild" because "AlwaysCreate" was specified.
       ClCompile:
         All outputs are up-to-date.
       Link:
         C:\Program Files (x86)\Microsoft Visual Studio 10.0\VC\bin\link.exe /ERRORREPORT:PROMPT /OUT:"C:\Users\Student\Desktop\Final 1\Debug\iGraphics Project.exe" /NOLOGO kernel32.lib user32.lib gdi32.lib winspool.lib comdlg32.lib advapi32.lib shell32.lib ole32.lib oleaut32.lib uuid.lib odbc32.lib odbccp32.lib /MANIFEST /ManifestFile:"Debug\iGraphics Project.exe.intermediate.manifest" /MANIFESTUAC:"level='asInvoker' uiAccess='false'" /DEBUG /PDB:"C:\Users\Student\Desktop\Final 1\Debug\iGraphics Project.pdb" /TLBID:1 /DYNAMICBASE /NXCOMPAT /IMPLIB:"C:\Users\Student\Desktop\Final 1\Debug\iGraphics Project.lib" /MACHINE:X86 Debug\Sudoku.obj
         LINK : C:\Users\Student\Desktop\Final 1\Debug\iGraphics Project.exe not found or not built by the last incremental link; performing full link
         iGraphics Project.vcxproj -> C:\Users\Student\Desktop\Final 1\Debug\iGraphics Project.exe
       Manifest:
         C:\Program Files (x86)\Microsoft SDKs\Windows\v7.0A\bin\mt.exe /nologo /verbose /outputresource:"C:\Users\Student\Desktop\Final 1\Debug\iGraphics Project.exe;#1" /manifest "Debug\iGraphics Project.exe.intermediate.manifest"
       CopyFilesToOutputDirectory:
         Copying file from "Debug\iGraphics Project.pdb" to "C:\Users\Student\Desktop\Final 1\Debug\iGraphics Project.pdb".
       FinalizeBuildStatus:
         Deleting file "Debug\iGraphics Project.unsuccessfulbuild".
         Touching "Debug\iGraphics Project.lastbuildstate".
     1>Done Building Project "C:\Users\Student\Desktop\Final 1\iGraphics Project\iGraphics Project.vcxproj" (build target(s)).

Build succeeded.

Time Elapsed 00:00:00.42
