C:\USERS\ASUS\DESKTOP\SUDOKU-001\IGRAPHICS PROJECT\DEBUG\IGRAPHICS PROJECT.EXE
C:\USERS\ASUS\DESKTOP\SUDOKU-001\IGRAPHICS PROJECT\DEBUG\IGRAPHICS PROJECT.ILK
C:\USERS\ASUS\DESKTOP\SUDOKU-001\IGRAPHICS PROJECT\DEBUG\IGRAPHICS PROJECT.PDB
C:\USERS\ASUS\DESKTOP\SUDOKU-001\IGRAPHICS PROJECT\IGRAPHICS PROJECT\DEBUG\IGRAPHICS PROJECT.EXE.INTERMEDIATE.MANIFEST
C:\USERS\ASUS\DESKTOP\SUDOKU-001\IGRAPHICS PROJECT\IGRAPHICS PROJECT\DEBUG\SUDOKU.OBJ
C:\USERS\ASUS\DESKTOP\SUDOKU-001\IGRAPHICS PROJECT\IGRAPHICS PROJECT\DEBUG\VC100.PDB
D:\STUDY\1.2\1200 SOFTWARE\IGRAPHICS PROJECT\DEBUG\IGRAPHICS PROJECT.EXE
D:\STUDY\1.2\1200 SOFTWARE\IGRAPHICS PROJECT\DEBUG\IGRAPHICS PROJECT.ILK
D:\STUDY\1.2\1200 SOFTWARE\IGRAPHICS PROJECT\DEBUG\IGRAPHICS PROJECT.PDB
D:\STUDY\1.2\1200 Software\iGraphics Project\iGraphics Project\Debug\cl.command.1.tlog
D:\STUDY\1.2\1200 Software\iGraphics Project\iGraphics Project\Debug\CL.read.1.tlog
D:\STUDY\1.2\1200 Software\iGraphics Project\iGraphics Project\Debug\CL.write.1.tlog
D:\STUDY\1.2\1200 SOFTWARE\IGRAPHICS PROJECT\IGRAPHICS PROJECT\DEBUG\IGRAPHICS PROJECT.EXE.INTERMEDIATE.MANIFEST
D:\STUDY\1.2\1200 Software\iGraphics Project\iGraphics Project\Debug\iGraphics Project.exe.intermediate.manifest(1).xml
D:\STUDY\1.2\1200 Software\iGraphics Project\iGraphics Project\Debug\iGraphics Project.exe.intermediate.manifest.xml
D:\STUDY\1.2\1200 Software\iGraphics Project\iGraphics Project\Debug\iGraphics Project.vcxprojResolveAssemblyReference.cache
D:\STUDY\1.2\1200 Software\iGraphics Project\iGraphics Project\Debug\iGraphics Project.write.1.tlog
D:\STUDY\1.2\1200 Software\iGraphics Project\iGraphics Project\Debug\link.command.1.tlog
D:\STUDY\1.2\1200 Software\iGraphics Project\iGraphics Project\Debug\link.read.1.tlog
D:\STUDY\1.2\1200 Software\iGraphics Project\iGraphics Project\Debug\link.write.1.tlog
D:\STUDY\1.2\1200 Software\iGraphics Project\iGraphics Project\Debug\mt.command.1.tlog
D:\STUDY\1.2\1200 Software\iGraphics Project\iGraphics Project\Debug\mt.read.1.tlog
D:\STUDY\1.2\1200 Software\iGraphics Project\iGraphics Project\Debug\mt.write.1.tlog
D:\STUDY\1.2\1200 SOFTWARE\IGRAPHICS PROJECT\IGRAPHICS PROJECT\DEBUG\SUDOKU.OBJ
D:\STUDY\1.2\1200 Software\iGraphics Project\iGraphics Project\Debug\vc100.idb
D:\STUDY\1.2\1200 SOFTWARE\IGRAPHICS PROJECT\IGRAPHICS PROJECT\DEBUG\VC100.PDB
D:\STUDY\1.2\1200 SOFTWARE\IGRAPHICS\IGRAPHICSULTIMATE\IGRAPHICS PROJECT\DEBUG\IGRAPHICS PROJECT.EXE
D:\STUDY\1.2\1200 SOFTWARE\IGRAPHICS\IGRAPHICSULTIMATE\IGRAPHICS PROJECT\DEBUG\IGRAPHICS PROJECT.ILK
D:\STUDY\1.2\1200 SOFTWARE\IGRAPHICS\IGRAPHICSULTIMATE\IGRAPHICS PROJECT\DEBUG\IGRAPHICS PROJECT.PDB
D:\STUDY\1.2\1200 SOFTWARE\IGRAPHICS\IGRAPHICSULTIMATE\IGRAPHICS PROJECT\IGRAPHICS PROJECT\DEBUG\IGRAPHICS PROJECT.EXE.INTERMEDIATE.MANIFEST
D:\STUDY\1.2\1200 SOFTWARE\IGRAPHICS\IGRAPHICSULTIMATE\IGRAPHICS PROJECT\IGRAPHICS PROJECT\DEBUG\SUDOKU.OBJ
D:\STUDY\1.2\1200 SOFTWARE\IGRAPHICS\IGRAPHICSULTIMATE\IGRAPHICS PROJECT\IGRAPHICS PROJECT\DEBUG\VC100.PDB
F:\1.2\SD\SUDOKU-001\IGRAPHICS PROJECT\DEBUG\IGRAPHICS PROJECT.EXE
F:\1.2\SD\SUDOKU-001\IGRAPHICS PROJECT\DEBUG\IGRAPHICS PROJECT.ILK
F:\1.2\SD\SUDOKU-001\IGRAPHICS PROJECT\DEBUG\IGRAPHICS PROJECT.PDB
F:\1.2\SD\SUDOKU-001\IGRAPHICS PROJECT\IGRAPHICS PROJECT\DEBUG\IGRAPHICS PROJECT.EXE.INTERMEDIATE.MANIFEST
F:\1.2\SD\SUDOKU-001\IGRAPHICS PROJECT\IGRAPHICS PROJECT\DEBUG\SUDOKU.OBJ
F:\1.2\SD\SUDOKU-001\IGRAPHICS PROJECT\IGRAPHICS PROJECT\DEBUG\VC100.PDB
F:\SUDOKU-001.1\IGRAPHICS PROJECT\DEBUG\IGRAPHICS PROJECT.EXE
F:\SUDOKU-001.1\IGRAPHICS PROJECT\DEBUG\IGRAPHICS PROJECT.ILK
F:\SUDOKU-001.1\IGRAPHICS PROJECT\DEBUG\IGRAPHICS PROJECT.PDB
F:\SUDOKU-001.1\IGRAPHICS PROJECT\IGRAPHICS PROJECT\DEBUG\IGRAPHICS PROJECT.EXE.INTERMEDIATE.MANIFEST
F:\SUDOKU-001.1\IGRAPHICS PROJECT\IGRAPHICS PROJECT\DEBUG\SUDOKU.OBJ
F:\SUDOKU-001.1\IGRAPHICS PROJECT\IGRAPHICS PROJECT\DEBUG\VC100.PDB
F:\SUDOKU-001\IGRAPHICS PROJECT\DEBUG\IGRAPHICS PROJECT.EXE
F:\SUDOKU-001\IGRAPHICS PROJECT\DEBUG\IGRAPHICS PROJECT.ILK
F:\SUDOKU-001\IGRAPHICS PROJECT\DEBUG\IGRAPHICS PROJECT.PDB
F:\SUDOKU-001\IGRAPHICS PROJECT\IGRAPHICS PROJECT\DEBUG\IGRAPHICS PROJECT.EXE.INTERMEDIATE.MANIFEST
F:\SUDOKU-001\IGRAPHICS PROJECT\IGRAPHICS PROJECT\DEBUG\SUDOKU.OBJ
F:\SUDOKU-001\IGRAPHICS PROJECT\IGRAPHICS PROJECT\DEBUG\VC100.PDB
G:\SUDOKU-001.1\IGRAPHICS PROJECT\DEBUG\IGRAPHICS PROJECT.EXE
G:\SUDOKU-001.1\IGRAPHICS PROJECT\DEBUG\IGRAPHICS PROJECT.ILK
G:\SUDOKU-001.1\IGRAPHICS PROJECT\DEBUG\IGRAPHICS PROJECT.PDB
G:\SUDOKU-001.1\IGRAPHICS PROJECT\IGRAPHICS PROJECT\DEBUG\IGRAPHICS PROJECT.EXE.INTERMEDIATE.MANIFEST
G:\SUDOKU-001.1\IGRAPHICS PROJECT\IGRAPHICS PROJECT\DEBUG\SUDOKU.OBJ
G:\SUDOKU-001.1\IGRAPHICS PROJECT\IGRAPHICS PROJECT\DEBUG\VC100.PDB
H:\SUDOKU-001.1\IGRAPHICS PROJECT\DEBUG\IGRAPHICS PROJECT.EXE
H:\SUDOKU-001.1\IGRAPHICS PROJECT\DEBUG\IGRAPHICS PROJECT.ILK
H:\SUDOKU-001.1\IGRAPHICS PROJECT\DEBUG\IGRAPHICS PROJECT.PDB
H:\SUDOKU-001.1\IGRAPHICS PROJECT\IGRAPHICS PROJECT\DEBUG\IGRAPHICS PROJECT.EXE.INTERMEDIATE.MANIFEST
H:\SUDOKU-001.1\IGRAPHICS PROJECT\IGRAPHICS PROJECT\DEBUG\SUDOKU.OBJ
H:\SUDOKU-001.1\IGRAPHICS PROJECT\IGRAPHICS PROJECT\DEBUG\VC100.PDB
